(09/02/2014 10:18:04) Information [Stmgr] "HSM 4 -- Niederdruck."
(09/02/2014 10:18:05) Information [Stmgr] "HPU -- Kein Druck."
(09/02/2014 10:18:05) Information [Stmgr] "HSM 4 -- Kein Druck."
(09/02/2014 14:04:41) Information [Stmgr] "HPU -- Hochdruck."
(09/02/2014 14:17:14) Information [Stmgr] "HPU -- Kein Druck."
(09/02/2014 14:36:08) Information [Stmgr] "HPU -- Hochdruck."
(09/02/2014 14:54:08) Information [Stmgr] "HPU -- Kein Druck."
(09/02/2014 16:49:42) Information [Stmgr] "'Station Desktop Organizer' ist nicht mehr mit der Station verbunden."
(09/02/2014 16:49:52) Information [Stmgr] "'Station Desktop Organizer' ist mit der Station verbunden."
(09/02/2014 16:57:07) Information [Stmgr] "'Station Desktop Organizer' ist nicht mehr mit der Station verbunden."
(09/02/2014 16:57:18) Information [Stmgr] "'Station Desktop Organizer' ist mit der Station verbunden."
(09/02/2014 21:30:08) Warning [Stmgr] "Interlock 4 -- Externe Hardwareverriegelung."
(09/02/2014 21:30:08) Warning [Stmgr] "HSM Einschub 5 Kanal 2 entdeckt J43 Verriegelung."
(09/03/2014 07:03:25) Information [Stmgr] "HPU -- Hochdruck."
(09/03/2014 07:25:27) Information [Stmgr] "HPU -- Kein Druck."
(09/03/2014 07:25:48) Information [Stmgr] "HPU -- Hochdruck."
(09/03/2014 07:25:48) Information [Stmgr] "HSM 4 -- Hochdruck."
(09/03/2014 07:25:55) Warning [Stmgr] "HSM Einschub 5 Kanal 2 entdeckt Querhaupt-Ereignis aktiv."
(09/03/2014 07:25:55) Warning [Stmgr] "Programm Stopp Interlock 4 -- Externe Hardwareverriegelung."
(09/03/2014 07:27:04) Information [Stmgr] "Regelart umgestellt auf: Ch 1 Kraft"
(09/03/2014 07:27:04) Information [Stmgr] "Manueller Sollwert aktiviert: Ch 1 Kraft"
(09/03/2014 07:27:17) Information [Stmgr] "Manueller Sollwert deaktiviert: Ch 1 Kraft"
(09/03/2014 07:32:28) Information [MPT Runtime] "Prozedur beginnt: E-Modul-mit  Druckversuch 100erZylinder mit Regelabweichung Standart.000"
(09/03/2014 07:32:28) Information [MPT Runtime] "Läuft"
(09/03/2014 07:37:31) Information [MPT/Operator Event] "Bediener Ereignis 'Zurück ' aufgetreten: 'Zurüsck auf +5,0 mm
'"
(09/03/2014 07:37:31) Information [MPT Runtime] "Prozedur fertig"
(09/03/2014 07:37:32) Information [MPT Runtime] "Angehalten
 Laufzeit:  00:05:04 
 Kanalzähler:
    Ch 1 -          5  Zyklen"
