(01/26/2015 11:48:45) Information [Stmgr] "Regelart umgestellt auf: Ch 1 Weg"
(01/26/2015 11:48:45) Information [Stmgr] "Manueller Sollwert aktiviert: Ch 1 Weg"
(01/26/2015 11:53:54) Information [Stmgr] "Manueller Sollwert deaktiviert: Ch 1 Weg"
(01/26/2015 11:53:55) Information [Stmgr] "HPU -- Kein Druck."
(01/26/2015 11:53:55) Information [Stmgr] "HSM 4 -- Kein Druck."
(01/26/2015 11:54:58) Information [Stmgr] "HPU -- Hochdruck."
(01/26/2015 11:54:58) Information [Stmgr] "HSM 4 -- Niederdruck."
(01/26/2015 11:54:59) Information [Stmgr] "HSM 4 -- Hochdruck."
(01/26/2015 12:02:23) Information [Stmgr] "Manueller Sollwert aktiviert: Ch 1 Weg"
(01/26/2015 12:06:18) Information [Stmgr] "Manueller Sollwert deaktiviert: Ch 1 Weg"
(01/26/2015 12:06:19) Information [Stmgr] "HPU -- Kein Druck."
(01/26/2015 12:06:19) Information [Stmgr] "HSM 4 -- Kein Druck."
(01/26/2015 12:21:31) Warning [Stmgr] "Interlock 1 -- Externe Hardwareverriegelung."
(01/26/2015 12:21:31) Warning [Stmgr] "HPU Verriegelung aktiv: Low-Level"
(01/27/2015 00:17:53) Information [Stmgr] "'Station Desktop Organizer' ist nicht mehr mit der Station verbunden."
(01/27/2015 00:18:03) Information [Stmgr] "'Station Desktop Organizer' ist mit der Station verbunden."
(01/27/2015 00:30:14) Information [Stmgr] "'Station Desktop Organizer' ist nicht mehr mit der Station verbunden."
(01/27/2015 00:30:24) Information [Stmgr] "'Station Desktop Organizer' ist mit der Station verbunden."
(01/27/2015 00:47:31) Information [Stmgr] "'Station Desktop Organizer' ist nicht mehr mit der Station verbunden."
(01/27/2015 00:47:41) Information [Stmgr] "'Station Desktop Organizer' ist mit der Station verbunden."
(01/28/2015 09:09:23) Information [Stmgr] "HPU -- Hochdruck."
(01/28/2015 09:09:23) Information [Stmgr] "HSM 4 -- Niederdruck."
(01/28/2015 09:09:24) Information [Stmgr] "HSM 4 -- Hochdruck."
(01/28/2015 10:31:32) Information [Stmgr] "Manueller Sollwert aktiviert: Ch 1 Weg"
(01/28/2015 10:31:36) Information [Stmgr] "Regelart umgestellt auf: Ch 1 Kraft"
(01/28/2015 10:31:57) Information [Stmgr] "Manueller Sollwert deaktiviert: Ch 1 Kraft"
(01/28/2015 10:32:17) Information [MPT Runtime] "Prozedur beginnt: Druckfestigkeit Zylinder 100mm_MTS 1MN-mit Regelabweichung.000"
(01/28/2015 10:32:17) Information [MPT Runtime] "Läuft"
(01/28/2015 10:33:46) Warning [MPT/Data Limit] "Unterer Grenzwert ausgelöst für 'Ch 1 Kraft'."
(01/28/2015 10:33:46) Warning [MPT/Data Limit] "Grenzwertprozess beendet"
(01/28/2015 10:35:09) Error [MPT/Data Limit] "Unterer Grenzwert ausgelöst für 'Ch 1 Weg'."
(01/28/2015 10:35:09) Error [MPT/Data Limit] "Grenzwertprozess beendet"
(01/28/2015 10:35:09) Information [Stmgr] "HPU -- Kein Druck."
(01/28/2015 10:35:09) Information [Stmgr] "HSM 4 -- Kein Druck."
(01/28/2015 10:35:09) Information [MPT Runtime] "Übergang nach Stopp"
(01/28/2015 10:35:10) Error [MPT Runtime] "Prozedurverriegelung: 'HSM 4' ist 'Aus'.
 Laufzeit:  00:02:52 
 Kanalzähler:
    Ch 1 -          1  Zyklen"
(01/28/2015 10:35:10) Information [MPT Runtime] "Angehalten
 Laufzeit:  00:02:52 
 Kanalzähler:
    Ch 1 -          1  Zyklen"
