(07/09/2010 10:38:24) Information [Stmgr] "Manueller Sollwert deaktiviert: Ch 1 Kraft"
(07/09/2010 10:39:55) Information [MPT Runtime] "Prozedur beginnt: 1MN Weggeregelt mit 3 W2TK+3 MTS-Thiele.000"
(07/09/2010 10:39:55) Information [Stmgr] "Test wird ausgeführt"
(07/09/2010 10:39:55) Information [MPT Runtime] "Läuft"
(07/09/2010 10:41:29) Information [MPT/Operator Event] "Bediener Ereignis 'Start' aufgetreten: 'Start'"
(07/09/2010 10:49:03) Warning [Stmgr] "Ch 1 W2TK Mittel -- Verriegelung durch Sättigung des aktiven Istwertsignals."
(07/09/2010 10:49:03) Warning [Stmgr] "Interlock 4 -- Programmverriegelung."
(07/09/2010 10:49:03) Information [Stmgr] "Test angehalten."
(07/09/2010 10:49:03) Information [MPT Runtime] "Übergang nach Stopp"
(07/09/2010 10:49:03) Information [Stmgr] "HSM 4 -- Kein Druck."
(07/09/2010 10:49:03) Error [MPT Runtime] "Prozedurverriegelung: Hydraulikverriegelung ist gesetzt.
 Laufzeit:  00:09:08 
 Kanalzähler:
    Ch 1 -          1  Zyklen"
(07/09/2010 10:49:03) Information [MPT Runtime] "Angehalten
 Laufzeit:  00:09:08 
 Kanalzähler:
    Ch 1 -          1  Zyklen"
(07/09/2010 10:49:03) Error [MPT Runtime] "Prozedurverriegelung: Hydraulikverriegelung ist gesetzt.
 Laufzeit:  00:09:08 
 Kanalzähler:
    Ch 1 -          1  Zyklen"
(07/09/2010 10:50:18) Warning [Stmgr] "1944 B -- Unterer Grenzwert ausgelöst."
(07/09/2010 10:50:18) Error [MPT Runtime] "Prozedurverriegelung: Eine 'Rampe auf' oder 'Wert halten'-Aktion wurde ausgelöst.
 Laufzeit:  00:09:08 
 Kanalzähler:
    Ch 1 -          1  Zyklen"
(07/09/2010 10:50:18) Error [MPT Runtime] "Prozedurverriegelung: Eine 'Rampe auf' oder 'Wert halten'-Aktion wurde ausgelöst.
 Laufzeit:  00:09:08 
 Kanalzähler:
    Ch 1 -          1  Zyklen"
(07/09/2010 10:51:06) Information [Stmgr] "HSM 4 -- Hochdruck."
(07/09/2010 10:51:08) Information [Stmgr] "Problem beim Aktivieren des manuellen Sollwerts : Ch 1 Kraft"
(07/09/2010 10:51:11) Information [Stmgr] "Regelart umgestellt auf: Ch 1 Kraft"
(07/09/2010 10:51:11) Information [Stmgr] "Manueller Sollwert aktiviert: Ch 1 Kraft"
(07/09/2010 10:53:40) Information [Stmgr] "Regelart umgestellt auf: Ch 1 Weg"
(07/09/2010 10:53:52) Information [Stmgr] "Regelart umgestellt auf: Ch 1 Kraft"
(07/09/2010 10:55:33) Information [Stmgr] "Manueller Sollwert deaktiviert: Ch 1 Kraft"
(07/09/2010 10:59:13) Information [Stmgr] "HSM 4 -- Kein Druck."
(07/09/2010 10:59:19) Information [Stmgr] "Gespeicherte Ansichten: 'Default Views'."
(07/09/2010 10:59:19) Information [Stmgr] "Station 1-MegaNewton Basis.cfg ist geschlossen"
(07/09/2010 10:59:20) Information [Stmgr] "'Station Desktop Organizer' ist nicht mehr mit der Station verbunden."
(07/09/2010 10:59:20) Information [Basic TestWare] "Test geschlossen: Unbenannter Test"
(07/09/2010 10:59:22) Information [Stmgr] "'Basic TestWare' ist nicht mehr mit der Station verbunden."
