(07/05/2010 14:34:01) Information [MPT Runtime] "Prozedur beginnt: E-Modul-mit  Druckversuch-kraftgeregelt.000"
(07/05/2010 14:34:01) Information [Stmgr] "Test wird ausgeführt"
(07/05/2010 14:34:01) Information [MPT Runtime] "Läuft"
(07/05/2010 14:40:12) Information [MPT/Operator Event] "Bediener Ereignis 'Bruchrampe' aufgetreten: 'Bruchrampe
'"
(07/05/2010 14:42:01) Warning [Stmgr] "Ch 1 Kraft Abs. Fehler -- Innerer Grenzwert ausgelöst."
(07/05/2010 14:42:01) Information [MPT Runtime] "Übergang nach Stopp"
(07/05/2010 14:42:01) Error [MPT Runtime] "Prozedurverriegelung: Eine 'Rampe auf' oder 'Wert halten'-Aktion wurde ausgelöst.
 Laufzeit:  00:08:00 
 Kanalzähler:
    Ch 1 -          5  Zyklen"
(07/05/2010 14:42:01) Error [MPT Runtime] "Prozedurverriegelung: Eine 'Rampe auf' oder 'Wert halten'-Aktion wurde ausgelöst.
 Laufzeit:  00:08:00 
 Kanalzähler:
    Ch 1 -          5  Zyklen"
(07/05/2010 14:42:02) Information [Stmgr] "Test angehalten."
(07/05/2010 14:42:02) Information [MPT Runtime] "Angehalten
 Laufzeit:  00:08:01 
 Kanalzähler:
    Ch 1 -          5  Zyklen"
