(07/05/2010 14:19:49) Information [MPT Runtime] "Prozedur beginnt: E-Modul-mit  Druckversuch-kraftgeregelt.000"
(07/05/2010 14:19:49) Information [Stmgr] "Test wird ausgeführt"
(07/05/2010 14:19:50) Information [MPT Runtime] "Läuft"
(07/05/2010 14:27:16) Information [MPT/Operator Event] "Bediener Ereignis 'Bruchrampe' aufgetreten: 'Bruchrampe
'"
(07/05/2010 14:29:05) Warning [Stmgr] "Ch 1 Kraft Abs. Fehler -- Innerer Grenzwert ausgelöst."
(07/05/2010 14:29:05) Information [MPT Runtime] "Übergang nach Stopp"
(07/05/2010 14:29:05) Error [MPT Runtime] "Prozedurverriegelung: Eine 'Rampe auf' oder 'Wert halten'-Aktion wurde ausgelöst.
 Laufzeit:  00:09:15 
 Kanalzähler:
    Ch 1 -          5  Zyklen"
(07/05/2010 14:29:05) Error [MPT Runtime] "Prozedurverriegelung: Eine 'Rampe auf' oder 'Wert halten'-Aktion wurde ausgelöst.
 Laufzeit:  00:09:15 
 Kanalzähler:
    Ch 1 -          5  Zyklen"
(07/05/2010 14:29:06) Information [Stmgr] "Test angehalten."
(07/05/2010 14:29:06) Information [MPT Runtime] "Angehalten
 Laufzeit:  00:09:16 
 Kanalzähler:
    Ch 1 -          5  Zyklen"
(07/05/2010 14:31:33) Information [Stmgr] "Regelart umgestellt auf: Ch 1 Kraft"
(07/05/2010 14:31:33) Information [Stmgr] "Manueller Sollwert aktiviert: Ch 1 Kraft"
(07/05/2010 14:33:10) Information [Stmgr] "Manueller Sollwert deaktiviert: Ch 1 Kraft"
