(02/05/2013 09:15:26) Information [Stmgr] "Manueller Sollwert aktiviert: Ch 1 Weg"
(02/05/2013 09:15:55) Information [Stmgr] "Manueller Sollwert deaktiviert: Ch 1 Weg"
(02/05/2013 09:15:57) Information [Stmgr] "HSM 3 -- Niederdruck."
(02/05/2013 09:15:58) Information [Stmgr] "HSM 3 -- Kein Druck."
(02/05/2013 16:23:07) Warning [Stmgr] "Interlock 3 -- Externe Hardwareverriegelung."
(02/05/2013 16:23:07) Warning [Stmgr] "HSM Einschub 5 Kanal 1 entdeckt J43 Verriegelung."
(02/06/2013 12:50:49) Information [Stmgr] "HSM 3 -- Niederdruck."
(02/06/2013 12:50:53) Information [Stmgr] "HSM 3 -- Hochdruck."
(02/06/2013 12:51:43) Information [Stmgr] "Manueller Sollwert aktiviert: Ch 1 Weg"
(02/06/2013 12:52:37) Information [Stmgr] "Regelart umgestellt auf: Ch 1 Kraft"
(02/06/2013 12:53:05) Information [Stmgr] "Manueller Sollwert deaktiviert: Ch 1 Kraft"
(02/06/2013 12:54:00) Information [MPT Runtime] "Prozedur beginnt: Würfeldruckfestigkeit_150mm_MTS 5MN-mit Regelabweichung Grenzwert 5,0mm.000"
(02/06/2013 12:54:00) Information [Stmgr] "Test wird ausgeführt"
(02/06/2013 12:54:00) Information [MPT Runtime] "Läuft"
(02/06/2013 12:54:32) Warning [MPT/Data Limit] "Unterer Grenzwert ausgelöst für 'Ch 1 Kraft'."
(02/06/2013 12:54:32) Warning [MPT/Data Limit] "Grenzwertprozess beendet"
(02/06/2013 12:56:35) Warning [MPT/Data Limit] "Oberer Grenzwert wurde ausgelöst von 'Ch 1 Kraft Abs. Fehler'."
(02/06/2013 12:56:35) Warning [MPT/Data Limit] "Grenzwertprozess beendet"
(02/06/2013 12:56:37) Information [MPT Runtime] "Prozedur fertig"
(02/06/2013 12:56:37) Information [Stmgr] "Test angehalten."
(02/06/2013 12:56:37) Information [MPT Runtime] "Angehalten
 Laufzeit:  00:02:37 
 Kanalzähler:
    Ch 1 -          1  Zyklen"
