(07/09/2010 10:17:22) Information [MPT Runtime] "Prozedur beginnt: 1MN Weggeregelt mit 3 W2TK+3 MTS-Thiele.000"
(07/09/2010 10:17:22) Information [Stmgr] "Test wird ausgeführt"
(07/09/2010 10:17:22) Information [MPT Runtime] "Läuft"
(07/09/2010 10:19:55) Information [MPT/Operator Event] "Bediener Ereignis 'Start' aufgetreten: 'Start'"
(07/09/2010 10:27:57) Warning [Stmgr] "Ch 1 W2TK Mittel -- Unterer Grenzwert ausgelöst."
(07/09/2010 10:27:57) Information [MPT Runtime] "Übergang nach Stopp"
(07/09/2010 10:27:57) Error [MPT Runtime] "Prozedurverriegelung: Eine 'Rampe auf' oder 'Wert halten'-Aktion wurde ausgelöst.
 Laufzeit:  00:10:34 
 Kanalzähler:
    Ch 1 -          1  Zyklen"
(07/09/2010 10:27:57) Error [MPT Runtime] "Prozedurverriegelung: Eine 'Rampe auf' oder 'Wert halten'-Aktion wurde ausgelöst.
 Laufzeit:  00:10:34 
 Kanalzähler:
    Ch 1 -          1  Zyklen"
(07/09/2010 10:27:58) Information [Stmgr] "Test angehalten."
(07/09/2010 10:27:58) Information [MPT Runtime] "Angehalten
 Laufzeit:  00:10:36 
 Kanalzähler:
    Ch 1 -          1  Zyklen"
(07/09/2010 10:33:28) Information [Stmgr] "Regelart umgestellt auf: Ch 1 Kraft"
(07/09/2010 10:33:28) Information [Stmgr] "Manueller Sollwert aktiviert: Ch 1 Kraft"
