(07/17/2014 12:01:23) Information [Stmgr] "Regelart umgestellt auf: Ch 1 Kraft"
(07/17/2014 12:01:23) Information [Stmgr] "Manueller Sollwert aktiviert: Ch 1 Kraft"
(07/17/2014 12:01:29) Information [Stmgr] "Regelart umgestellt auf: Ch 1 Weg"
(07/17/2014 12:05:13) Information [Stmgr] "Manueller Sollwert deaktiviert: Ch 1 Weg"
(07/17/2014 12:05:14) Information [MPT Runtime] "Prozedur beginnt: Druckfestigkeit Würfel 100mm_MTS 1MN-mit Regelabweichung.000"
(07/17/2014 12:05:14) Information [MPT Runtime] "Läuft"
(07/17/2014 12:05:49) Information [MPT Runtime] "Übergang nach Stopp"
(07/17/2014 12:05:50) Information [MPT Runtime] "Angehalten
 Laufzeit:  00:00:35 
 Kanalzähler:
    Ch 1 -          0  Zyklen"
(07/17/2014 12:05:58) Information [MPT Runtime] "Stopp wird verlassen"
(07/17/2014 12:05:58) Information [MPT Runtime] "Läuft"
(07/17/2014 12:06:10) Warning [MPT/Data Limit] "Unterer Grenzwert ausgelöst für 'Ch 1 Kraft'."
(07/17/2014 12:06:10) Warning [MPT/Data Limit] "Grenzwertprozess beendet"
(07/17/2014 12:09:04) Warning [MPT/Data Limit] "Oberer Grenzwert wurde ausgelöst von 'Ch 1 Kraft Abs. Fehler'."
(07/17/2014 12:09:04) Warning [MPT/Data Limit] "Grenzwertprozess beendet"
(07/17/2014 12:09:06) Information [MPT Runtime] "Prozedur fertig"
(07/17/2014 12:09:07) Information [MPT Runtime] "Angehalten
 Laufzeit:  00:03:44 
 Kanalzähler:
    Ch 1 -          1  Zyklen"
(07/17/2014 12:10:06) Warning [Stmgr] "HSM Einschub 5 Kanal 2 entdeckt Querhaupt-Ereignis aktiv."
(07/17/2014 12:10:06) Warning [Stmgr] "Programm Stopp Interlock 4 -- Externe Hardwareverriegelung."
