(01/28/2015 10:35:24) Information [Stmgr] "HPU -- Hochdruck."
(01/28/2015 10:35:24) Information [Stmgr] "HSM 4 -- Niederdruck."
(01/28/2015 10:35:28) Information [Stmgr] "HSM 4 -- Hochdruck."
(01/28/2015 10:35:35) Information [Stmgr] "Manueller Sollwert aktiviert: Ch 1 Kraft"
(01/28/2015 10:35:36) Information [Stmgr] "Regelart umgestellt auf: Ch 1 Weg"
(01/28/2015 10:35:47) Information [Stmgr] "Manueller Sollwert deaktiviert: Ch 1 Weg"
(01/28/2015 10:37:50) Information [MPT Runtime] "Prozedur beginnt: Druckfestigkeit Zylinder 100mm_MTS 1MN-mit Regelabweichung.000"
(01/28/2015 10:37:50) Information [MPT Runtime] "Läuft"
(01/28/2015 10:39:58) Warning [MPT/Data Limit] "Unterer Grenzwert ausgelöst für 'Ch 1 Kraft'."
(01/28/2015 10:39:58) Warning [MPT/Data Limit] "Grenzwertprozess beendet"
(01/28/2015 10:41:23) Error [MPT/Data Limit] "Unterer Grenzwert ausgelöst für 'Ch 1 Weg'."
(01/28/2015 10:41:23) Error [MPT/Data Limit] "Grenzwertprozess beendet"
(01/28/2015 10:41:23) Information [Stmgr] "HPU -- Kein Druck."
(01/28/2015 10:41:23) Information [Stmgr] "HSM 4 -- Kein Druck."
(01/28/2015 10:41:23) Information [MPT Runtime] "Übergang nach Stopp"
(01/28/2015 10:41:23) Error [MPT Runtime] "Prozedurverriegelung: 'HSM 4' ist 'Aus'.
 Laufzeit:  00:03:33 
 Kanalzähler:
    Ch 1 -          1  Zyklen"
(01/28/2015 10:41:23) Information [MPT Runtime] "Angehalten
 Laufzeit:  00:03:33 
 Kanalzähler:
    Ch 1 -          1  Zyklen"
