(07/09/2010 11:10:15) Information [MPT Runtime] "Prozedur beginnt: 1MN Weggeregelt mit 3 W2TK+3 MTS-Thiele.000"
(07/09/2010 11:10:15) Information [Stmgr] "Test wird ausgeführt"
(07/09/2010 11:10:15) Information [MPT Runtime] "Läuft"
(07/09/2010 11:11:47) Information [MPT/Operator Event] "Bediener Ereignis 'Start' aufgetreten: 'Start'"
(07/09/2010 11:18:04) Warning [Stmgr] "1281068 -- Unterer Grenzwert ausgelöst."
(07/09/2010 11:18:04) Warning [Stmgr] "Programm Halten Interlock 4 -- Programmverriegelung."
(07/09/2010 11:18:04) Information [MPT Runtime] "Übergang nach Halten"
(07/09/2010 11:18:04) Information [Stmgr] "Test wird gehalten"
(07/09/2010 11:18:04) Information [MPT Runtime] "Halten
 Laufzeit:  00:07:49 
 Kanalzähler:
    Ch 1 -          1  Zyklen"
(07/09/2010 11:19:43) Warning [Stmgr] "1281068 -- Unterer Grenzwert ausgelöst."
(07/09/2010 11:19:43) Information [MPT Runtime] "Übergang nach Stopp"
(07/09/2010 11:19:43) Information [Stmgr] "Test wird ausgeführt"
(07/09/2010 11:19:43) Error [MPT Runtime] "Prozedurverriegelung: Eine 'Rampe auf' oder 'Wert halten'-Aktion wurde ausgelöst.
 Laufzeit:  00:07:49 
 Kanalzähler:
    Ch 1 -          1  Zyklen"
(07/09/2010 11:19:44) Information [Stmgr] "Test angehalten."
(07/09/2010 11:19:44) Information [MPT Runtime] "Angehalten
 Laufzeit:  00:07:50 
 Kanalzähler:
    Ch 1 -          1  Zyklen"
(07/09/2010 11:45:01) Information [Stmgr] "Problem beim Aktivieren des manuellen Sollwerts : Ch 1 Weg"
(07/09/2010 11:45:06) Information [Stmgr] "Manueller Sollwert aktiviert: Ch 1 Weg"
(07/09/2010 11:45:29) Information [Stmgr] "Manueller Sollwert deaktiviert: Ch 1 Weg"
(07/09/2010 11:45:36) Information [Stmgr] "Regelart umgestellt auf: Ch 1 Kraft"
(07/09/2010 11:45:36) Information [Stmgr] "Manueller Sollwert aktiviert: Ch 1 Kraft"
(07/09/2010 11:47:10) Information [Stmgr] "Manueller Sollwert deaktiviert: Ch 1 Kraft"
