(07/17/2014 14:28:04) Information [Stmgr] "Manueller Sollwert aktiviert: Ch 1 Weg"
(07/17/2014 14:28:20) Information [Stmgr] "HSM 4 -- Kein Druck."
(07/17/2014 14:28:23) Information [Stmgr] "Manueller Sollwert deaktiviert: Ch 1 Weg"
(07/17/2014 14:34:38) Information [Stmgr] "HPU -- Kein Druck."
(07/17/2014 21:10:05) Warning [Stmgr] "Interlock 4 -- Externe Hardwareverriegelung."
(07/17/2014 21:10:05) Warning [Stmgr] "HSM Einschub 5 Kanal 2 entdeckt J43 Verriegelung."
(07/18/2014 01:55:06) Information [Stmgr] "'Station Desktop Organizer' ist nicht mehr mit der Station verbunden."
(07/18/2014 01:55:16) Information [Stmgr] "'Station Desktop Organizer' ist mit der Station verbunden."
(07/18/2014 07:20:06) Information [Stmgr] "HPU -- Hochdruck."
(07/18/2014 07:20:06) Information [Stmgr] "HSM 4 -- Hochdruck."
(07/18/2014 07:22:58) Information [Stmgr] "Manueller Sollwert aktiviert: Ch 1 Weg"
(07/18/2014 07:23:18) Information [Stmgr] "Regelart umgestellt auf: Ch 1 Kraft"
(07/18/2014 07:23:48) Information [Stmgr] "Manueller Sollwert deaktiviert: Ch 1 Kraft"
(07/18/2014 07:26:35) Information [MPT Runtime] "Prozedur beginnt: E-Modul-mit  Druckversuch 100erZylinder mit Regelabweichung Standart.000"
(07/18/2014 07:26:35) Information [MPT Runtime] "Läuft"
(07/18/2014 07:35:38) Information [MPT/Operator Event] "Bediener Ereignis 'Bruchrampe' aufgetreten: 'Bruchrampe
'"
(07/18/2014 07:35:45) Warning [MPT/Data Limit] "Unterer Grenzwert ausgelöst für 'Ch 1 Kraft'."
(07/18/2014 07:35:45) Warning [MPT/Data Limit] "Grenzwertprozess beendet"
(07/18/2014 07:37:38) Warning [MPT/Data Limit] "Oberer Grenzwert wurde ausgelöst von 'Ch 1 Kraft Abs. Fehler'."
(07/18/2014 07:37:38) Warning [MPT/Data Limit] "Grenzwertprozess beendet"
(07/18/2014 07:37:39) Information [MPT Runtime] "Prozedur fertig"
(07/18/2014 07:37:40) Information [MPT Runtime] "Angehalten
 Laufzeit:  00:11:04 
 Kanalzähler:
    Ch 1 -          5  Zyklen"
