(03/18/2014 15:42:27) Information [Stmgr] "Regelart umgestellt auf: Ch 1 Weg"
(03/18/2014 15:42:27) Information [Stmgr] "Manueller Sollwert aktiviert: Ch 1 Weg"
(03/18/2014 15:44:37) Information [Stmgr] "Manueller Sollwert deaktiviert: Ch 1 Weg"
(03/18/2014 15:44:41) Information [Stmgr] "Regelart umgestellt auf: Ch 1 Kraft"
(03/18/2014 15:44:41) Information [Stmgr] "Manueller Sollwert aktiviert: Ch 1 Kraft"
(03/18/2014 15:45:30) Information [Stmgr] "Manueller Sollwert deaktiviert: Ch 1 Kraft"
(03/18/2014 15:45:31) Information [MPT Runtime] "Prozedur beginnt: E-Modul-mit  Druckversuch 100erZylinder mit Regelabweichung.000"
(03/18/2014 15:45:31) Information [MPT Runtime] "Läuft"
(03/18/2014 15:54:31) Information [MPT/Operator Event] "Bediener Ereignis 'Bruchrampe' aufgetreten: 'Bruchrampe
'"
(03/18/2014 15:54:32) Warning [MPT/Data Limit] "Oberer Grenzwert wurde ausgelöst von 'Ch 1 Kraft Abs. Fehler'."
(03/18/2014 15:54:32) Warning [MPT/Data Limit] "Grenzwertprozess beendet"
(03/18/2014 15:56:53) Information [MPT Runtime] "Übergang nach Stopp"
(03/18/2014 15:56:53) Information [MPT Runtime] "Angehalten
 Laufzeit:  00:11:22 
 Kanalzähler:
    Ch 1 -          5  Zyklen"
(03/18/2014 15:57:06) Information [MPT Runtime] "Stopp wird verlassen"
(03/18/2014 15:57:06) Information [MPT Runtime] "Läuft"
(03/18/2014 15:57:12) Information [MPT Runtime] "Übergang nach Stopp"
(03/18/2014 15:57:13) Information [MPT Runtime] "Angehalten
 Laufzeit:  00:11:29 
 Kanalzähler:
    Ch 1 -          5  Zyklen"
(03/18/2014 15:57:18) Information [Stmgr] "Manueller Sollwert aktiviert: Ch 1 Kraft"
(03/18/2014 15:57:19) Information [Stmgr] "Manueller Sollwert deaktiviert: Ch 1 Kraft"
(03/18/2014 15:57:28) Information [Stmgr] "Manueller Sollwert aktiviert: Ch 1 Kraft"
(03/18/2014 15:57:31) Information [Stmgr] "Regelart umgestellt auf: Ch 1 Weg"
(03/18/2014 15:58:56) Information [Stmgr] "Manueller Sollwert deaktiviert: Ch 1 Weg"
(03/18/2014 15:58:57) Information [Stmgr] "Manueller Sollwert aktiviert: Ch 1 Weg"
(03/18/2014 15:59:00) Information [Stmgr] "Regelart umgestellt auf: Ch 1 Kraft"
(03/18/2014 15:59:03) Warning [Stmgr] "Ch 1 Kraft Abs. Fehler -- Innerer Grenzwert ausgelöst."
