(10/19/2012 11:41:38) Information [Stmgr] "Manueller Sollwert aktiviert: Ch 1 Weg"
(10/19/2012 11:42:08) Information [Stmgr] "Manueller Sollwert deaktiviert: Ch 1 Weg"
(10/19/2012 11:42:10) Information [Stmgr] "HSM 3 -- Kein Druck."
(10/19/2012 15:27:57) Warning [Stmgr] "Interlock 3 -- Externe Hardwareverriegelung."
(10/19/2012 15:27:57) Warning [Stmgr] "HSM Einschub 5 Kanal 1 entdeckt J43 Verriegelung."
(10/22/2012 09:38:57) Information [Stmgr] "HSM 3 -- Hochdruck."
(10/22/2012 09:38:57) Information [Stmgr] "Manueller Sollwert aktiviert: Ch 1 Weg"
(10/22/2012 09:39:30) Information [Stmgr] "Manueller Sollwert deaktiviert: Ch 1 Weg"
(10/22/2012 09:39:33) Information [Stmgr] "Regelart umgestellt auf: Ch 1 Kraft"
(10/22/2012 09:39:33) Information [Stmgr] "Manueller Sollwert aktiviert: Ch 1 Kraft"
(10/22/2012 09:44:36) Information [Stmgr] "Manueller Sollwert deaktiviert: Ch 1 Kraft"
(10/22/2012 09:44:44) Information [MPT Runtime] "Prozedur beginnt: Würfeldruckfestigkeit_150mm_MTS 5MN-mit Regelabweichung.000"
(10/22/2012 09:44:44) Information [Stmgr] "Test wird ausgeführt"
(10/22/2012 09:44:44) Information [MPT Runtime] "Läuft"
(10/22/2012 09:45:21) Warning [MPT/Data Limit] "Unterer Grenzwert ausgelöst für 'Ch 1 Kraft'."
(10/22/2012 09:45:21) Warning [MPT/Data Limit] "Grenzwertprozess beendet"
(10/22/2012 09:47:22) Warning [MPT/Data Limit] "Oberer Grenzwert wurde ausgelöst von 'Ch 1 Kraft Abs. Fehler'."
(10/22/2012 09:47:22) Warning [MPT/Data Limit] "Grenzwertprozess beendet"
(10/22/2012 09:47:24) Information [MPT Runtime] "Prozedur fertig"
(10/22/2012 09:47:24) Information [Stmgr] "Test angehalten."
(10/22/2012 09:47:25) Information [MPT Runtime] "Angehalten
 Laufzeit:  00:02:40 
 Kanalzähler:
    Ch 1 -          1  Zyklen"
