(07/07/2010 14:34:15) Information [MPT Runtime] "Prozedur beginnt: 1MN Weggeregelt mit 3 W2TK+3 MTS-Thiele.000"
(07/07/2010 14:34:15) Information [Stmgr] "Test wird ausgeführt"
(07/07/2010 14:34:15) Information [MPT Runtime] "Läuft"
(07/07/2010 14:36:10) Information [MPT/Operator Event] "Bediener Ereignis 'Start' aufgetreten: 'Start'"
(07/07/2010 14:44:01) Warning [MPT/Data Limit] "Unterer Grenzwert ausgelöst für 'Ch 1 Weg'."
(07/07/2010 14:44:01) Warning [MPT/Data Limit] "Grenzwertprozess beendet"
(07/07/2010 14:44:02) Information [MPT Runtime] "Prozedur fertig"
(07/07/2010 14:44:02) Information [Stmgr] "Test angehalten."
(07/07/2010 14:44:02) Information [MPT Runtime] "Angehalten
 Laufzeit:  00:09:47 
 Kanalzähler:
    Ch 1 -          1  Zyklen"
(07/07/2010 14:50:10) Information [Stmgr] "HSM 4 -- Kein Druck."
(07/07/2010 14:51:01) Warning [Stmgr] "1944 B -- Unterer Grenzwert ausgelöst."
(07/07/2010 14:53:15) Warning [Stmgr] "Interlock 4 -- Externe Hardwareverriegelung."
(07/07/2010 14:53:15) Warning [Stmgr] "HSM Einschub 5 Kanal 2 entdeckt J43 Verriegelung."
(07/08/2010 12:36:36) Information [Stmgr] "HSM 4 -- Hochdruck."
(07/08/2010 12:36:36) Warning [Stmgr] "HSM Einschub 5 Kanal 2 entdeckt Querhaupt-Ereignis aktiv."
(07/08/2010 12:36:36) Warning [Stmgr] "Programm Stopp Interlock 4 -- Externe Hardwareverriegelung."
(07/08/2010 12:37:17) Warning [Stmgr] "HSM Einschub 5 Kanal 2 entdeckt Querhaupt-Ereignis aktiv."
(07/08/2010 12:37:18) Warning [Stmgr] "Programm Stopp Interlock 4 -- Externe Hardwareverriegelung."
(07/08/2010 12:37:18) Warning [Stmgr] "HSM Einschub 5 Kanal 2 entdeckt Querhaupt-Ereignis aktiv."
(07/08/2010 12:37:19) Warning [Stmgr] "Programm Stopp Interlock 4 -- Externe Hardwareverriegelung."
(07/08/2010 12:37:20) Warning [Stmgr] "HSM Einschub 5 Kanal 2 entdeckt Querhaupt-Ereignis aktiv."
(07/08/2010 12:37:20) Warning [Stmgr] "Programm Stopp Interlock 4 -- Externe Hardwareverriegelung."
(07/08/2010 12:37:21) Warning [Stmgr] "HSM Einschub 5 Kanal 2 entdeckt Querhaupt-Ereignis aktiv."
(07/08/2010 12:37:21) Warning [Stmgr] "Programm Stopp Interlock 4 -- Externe Hardwareverriegelung."
(07/08/2010 12:37:31) Information [Stmgr] "Manueller Sollwert aktiviert: Ch 1 Weg"
(07/08/2010 12:38:40) Information [Stmgr] "Regelart umgestellt auf: Ch 1 Kraft"
(07/08/2010 12:39:06) Information [Stmgr] "Regelart umgestellt auf: Ch 1 Weg"
(07/08/2010 12:40:07) Information [Stmgr] "Regelart umgestellt auf: Ch 1 Kraft"
(07/08/2010 12:40:24) Information [Stmgr] "Regelart umgestellt auf: Ch 1 Weg"
(07/08/2010 12:40:52) Information [Stmgr] "HSM 4 -- Kein Druck."
(07/08/2010 13:13:18) Warning [Stmgr] "Interlock 4 -- Externe Hardwareverriegelung."
(07/08/2010 13:13:18) Warning [Stmgr] "HSM Einschub 5 Kanal 2 entdeckt J43 Verriegelung."
(07/09/2010 08:50:45) Information [Stmgr] "HSM 4 -- Hochdruck."
(07/09/2010 08:50:46) Warning [Stmgr] "HSM Einschub 5 Kanal 2 entdeckt Querhaupt-Ereignis aktiv."
(07/09/2010 08:50:46) Warning [Stmgr] "Programm Stopp Interlock 4 -- Externe Hardwareverriegelung."
(07/09/2010 08:52:25) Information [Stmgr] "HSM 4 -- Kein Druck."
(07/09/2010 08:52:32) Warning [Stmgr] "Interlock 4 -- Externe Hardwareverriegelung."
(07/09/2010 08:52:32) Warning [Stmgr] "HSM Einschub 5 Kanal 2 entdeckt J43 Verriegelung."
(07/09/2010 09:55:41) Warning [Stmgr] "HSM Einschub 5 Kanal 2 entdeckt J43 Verriegelung."
(07/09/2010 09:55:41) Warning [Stmgr] "Interlock 4 -- Externe Hardwareverriegelung."
(07/09/2010 09:56:06) Information [Stmgr] "HSM 4 -- Hochdruck."
(07/09/2010 09:57:27) Warning [Stmgr] "HSM Einschub 5 Kanal 2 entdeckt Querhaupt-Ereignis aktiv."
(07/09/2010 09:57:27) Warning [Stmgr] "Programm Stopp Interlock 4 -- Externe Hardwareverriegelung."
(07/09/2010 09:58:55) Information [Stmgr] "Regelart umgestellt auf: Ch 1 Kraft"
(07/09/2010 09:58:56) Information [Stmgr] "Manueller Sollwert deaktiviert: Ch 1 Kraft"
(07/09/2010 09:58:57) Information [Stmgr] "Manueller Sollwert aktiviert: Ch 1 Kraft"
