(02/15/2013 09:45:28) Information [Stmgr] "Regelart umgestellt auf: Ch 1 Kraft"
(02/15/2013 09:45:28) Information [Stmgr] "Manueller Sollwert aktiviert: Ch 1 Kraft"
(02/15/2013 09:45:31) Information [Stmgr] "Regelart umgestellt auf: Ch 1 Weg"
(02/15/2013 09:45:48) Information [Stmgr] "Manueller Sollwert deaktiviert: Ch 1 Weg"
(02/15/2013 09:45:50) Information [Stmgr] "HSM 3 -- Niederdruck."
(02/15/2013 09:45:50) Information [Stmgr] "HSM 3 -- Kein Druck."
(02/19/2013 12:35:59) Information [Stmgr] "HSM Einschub 5 Kanal 2 entdeckt J29 Verriegelung."
(02/19/2013 15:17:14) Information [Stmgr] "HSM Einschub 5 Kanal 2 entdeckt J29 Verriegelung."
(02/19/2013 15:17:52) Information [Stmgr] "HSM Einschub 5 Kanal 2 entdeckt J29 Verriegelung."
(02/20/2013 08:26:48) Information [Stmgr] "HSM 3 -- Niederdruck."
(02/20/2013 08:26:54) Information [Stmgr] "HSM 3 -- Hochdruck."
(02/20/2013 08:27:05) Information [Stmgr] "Manueller Sollwert aktiviert: Ch 1 Weg"
(02/20/2013 08:27:49) Information [Stmgr] "Regelart umgestellt auf: Ch 1 Kraft"
(02/20/2013 08:28:17) Information [Stmgr] "Manueller Sollwert deaktiviert: Ch 1 Kraft"
(02/20/2013 08:28:53) Information [MPT Runtime] "Prozedur beginnt: Würfeldruckfestigkeit_150mm_MTS 5MN-mit Regelabweichung Grenzwert 5,0mm.000"
(02/20/2013 08:28:53) Information [Stmgr] "Test wird ausgeführt"
(02/20/2013 08:28:53) Information [MPT Runtime] "Läuft"
(02/20/2013 08:29:31) Warning [MPT/Data Limit] "Unterer Grenzwert ausgelöst für 'Ch 1 Kraft'."
(02/20/2013 08:29:31) Warning [MPT/Data Limit] "Grenzwertprozess beendet"
(02/20/2013 08:31:33) Warning [MPT/Data Limit] "Oberer Grenzwert wurde ausgelöst von 'Ch 1 Kraft Abs. Fehler'."
(02/20/2013 08:31:33) Warning [MPT/Data Limit] "Grenzwertprozess beendet"
(02/20/2013 08:31:35) Information [MPT Runtime] "Prozedur fertig"
(02/20/2013 08:31:35) Information [Stmgr] "Test angehalten."
(02/20/2013 08:31:35) Information [MPT Runtime] "Angehalten
 Laufzeit:  00:02:42 
 Kanalzähler:
    Ch 1 -          1  Zyklen"
